<?xml version="1.0" encoding="UTF-8"?>
<testng-results total="1" passed="1" failed="0" skipped="0">
  <reporter-output>
  </reporter-output>
  <suite started-at="2022-01-30T15:53:37Z" name="Default suite" finished-at="2022-01-30T15:54:23Z" duration-ms="46032">
    <groups>
    </groups>
    <test started-at="2022-01-30T15:53:37Z" name="Default test" finished-at="2022-01-30T15:54:23Z" duration-ms="46032">
      <class name="DriverFactory.AppTest">
        <test-method signature="KickStart()[pri:0, instance:DriverFactory.AppTest@6af9fcb2]" started-at="2022-01-30T21:23:37Z" name="KickStart" finished-at="2022-01-30T21:24:23Z" duration-ms="46004" status="PASS">
          <reporter-output>
          </reporter-output>
        </test-method> <!-- KickStart -->
      </class> <!-- DriverFactory.AppTest -->
    </test> <!-- Default test -->
  </suite> <!-- Default suite -->
</testng-results>
