<?xml version="1.0" encoding="UTF-8"?>
<testng-results total="1" passed="1" failed="0" skipped="0">
  <reporter-output>
  </reporter-output>
  <suite started-at="2022-01-30T12:49:39Z" name="Default suite" finished-at="2022-01-30T12:49:59Z" duration-ms="19812">
    <groups>
    </groups>
    <test started-at="2022-01-30T12:49:39Z" name="Default test" finished-at="2022-01-30T12:49:59Z" duration-ms="19812">
      <class name="DriverFactory.AppTest">
        <test-method signature="KickStart()[pri:0, instance:DriverFactory.AppTest@6af9fcb2]" started-at="2022-01-30T18:19:39Z" name="KickStart" finished-at="2022-01-30T18:19:59Z" duration-ms="19785" status="PASS">
          <reporter-output>
          </reporter-output>
        </test-method> <!-- KickStart -->
      </class> <!-- DriverFactory.AppTest -->
    </test> <!-- Default test -->
  </suite> <!-- Default suite -->
</testng-results>
